## ComfyUI-Manager: installing dependencies done.
[2024-06-27 21:07] ** ComfyUI startup time: 2024-06-27 21:07:59.555530
[2024-06-27 21:07] ** Platform: Linux
[2024-06-27 21:07] ** Python version: 3.10.12 (main, Nov 20 2023, 15:14:05) [GCC 11.4.0]
[2024-06-27 21:07] ** Python executable: /usr/bin/python
[2024-06-27 21:07] ** ComfyUI Path: /root/Isaacs_ComfyUI_Distro/main.py
[2024-06-27 21:07] ** Log path: /root/Isaacs_ComfyUI_Distro/comfyui.log
[2024-06-27 21:07] 
Prestartup times for custom nodes:
[2024-06-27 21:07]    0.0 seconds: /root/Isaacs_ComfyUI_Distro/custom_nodes/rgthree-comfy
[2024-06-27 21:07]    1.1 seconds: /root/Isaacs_ComfyUI_Distro/custom_nodes/ComfyUI-Manager
[2024-06-27 21:07] 
Total VRAM 10009 MB, total RAM 257830 MB
[2024-06-27 21:08] Set vram state to: NORMAL_VRAM
[2024-06-27 21:08] Device: cuda:0 NVIDIA GeForce RTX 3080 : cudaMallocAsync
[2024-06-27 21:08] VAE dtype: torch.bfloat16
[2024-06-27 21:08] Using pytorch cross attention
[2024-06-27 21:08] Total VRAM 10009 MB, total RAM 257830 MB
[2024-06-27 21:08] Set vram state to: NORMAL_VRAM
[2024-06-27 21:08] Device: cuda:0 NVIDIA GeForce RTX 3080 : cudaMallocAsync
[2024-06-27 21:08] VAE dtype: torch.bfloat16
[2024-06-27 21:08] ### Loading: ComfyUI-Manager (V2.43)
[2024-06-27 21:08] ### ComfyUI Revision: 2287 on 'main' [84061c3f] | Released on '2024-06-27'
[2024-06-27 21:08] Adding /root/Isaacs_ComfyUI_Distro/custom_nodes to sys.path
[2024-06-27 21:08] [ComfyUI-Manager] default cache updated: https://raw.githubusercontent.com/ltdrdata/ComfyUI-Manager/main/model-list.json
[2024-06-27 21:08] [ComfyUI-Manager] default cache updated: https://raw.githubusercontent.com/ltdrdata/ComfyUI-Manager/main/github-stats.json
[2024-06-27 21:08] [ComfyUI-Manager] default cache updated: https://raw.githubusercontent.com/ltdrdata/ComfyUI-Manager/main/alter-list.json
[2024-06-27 21:08] [ComfyUI-Manager] default cache updated: https://raw.githubusercontent.com/ltdrdata/ComfyUI-Manager/main/custom-node-list.json
[2024-06-27 21:08] [ComfyUI-Manager] default cache updated: https://raw.githubusercontent.com/ltdrdata/ComfyUI-Manager/main/extension-node-map.json
[2024-06-27 21:08] Could not find efficiency nodes
[2024-06-27 21:08] [36;20m[comfyui_controlnet_aux] | INFO -> Using ckpts path: /root/Isaacs_ComfyUI_Distro/custom_nodes/comfyui_controlnet_aux/ckpts[0m
[2024-06-27 21:08] [36;20m[comfyui_controlnet_aux] | INFO -> Using symlinks: False[0m
[2024-06-27 21:08] [36;20m[comfyui_controlnet_aux] | INFO -> Using ort providers: ['CUDAExecutionProvider', 'DirectMLExecutionProvider', 'OpenVINOExecutionProvider', 'ROCMExecutionProvider', 'CPUExecutionProvider', 'CoreMLExecutionProvider'][0m
[2024-06-27 21:08] /root/Isaacs_ComfyUI_Distro/custom_nodes/comfyui_controlnet_aux/node_wrappers/dwpose.py:26: UserWarning: DWPose: Onnxruntime not found or doesn't come with acceleration providers, switch to OpenCV with CPU device. DWPose might run very slowly
  warnings.warn("DWPose: Onnxruntime not found or doesn't come with acceleration providers, switch to OpenCV with CPU device. DWPose might run very slowly")
[2024-06-27 21:08] Loaded ControlNetPreprocessors nodes from /root/Isaacs_ComfyUI_Distro/custom_nodes/comfyui_controlnet_aux
[2024-06-27 21:08] Could not find AdvancedControlNet nodes
[2024-06-27 21:08] Could not find AnimateDiff nodes
[2024-06-27 21:08] Loaded IPAdapter nodes from /root/Isaacs_ComfyUI_Distro/custom_nodes/ComfyUI_IPAdapter_plus
[2024-06-27 21:08] Could not find VideoHelperSuite nodes
[2024-06-27 21:08] ### Loading: ComfyUI-Impact-Pack (V5.18.4)
[2024-06-27 21:08] ### Loading: ComfyUI-Impact-Pack (Subpack: V0.6)
[2024-06-27 21:08] ### Loading: ComfyUI-Impact-Pack (V5.18.4)
[2024-06-27 21:08] Loaded ImpactPack nodes from /root/Isaacs_ComfyUI_Distro/custom_nodes/ComfyUI-Impact-Pack
[2024-06-27 21:08] [Impact Pack] Wildcards loading done.
[2024-06-27 21:08] [Impact Pack] Wildcards loading done.
[2024-06-27 21:08] Web extensions folder found at /root/Isaacs_ComfyUI_Distro/web/extensions/ComfyLiterals
[2024-06-27 21:08] no module 'xformers'. Processing without...
[2024-06-27 21:08] no module 'xformers'. Processing without...
[2024-06-27 21:08] ### Loading: ComfyUI-Impact-Pack (V5.18.4)
[2024-06-27 21:08] [Impact Pack] Wildcards loading done.
[2024-06-27 21:08] [34mWAS Node Suite: [0mOpenCV Python FFMPEG support is enabled[0m
[2024-06-27 21:08] [34mWAS Node Suite [93mWarning: [0m`ffmpeg_bin_path` is not set in `/root/Isaacs_ComfyUI_Distro/custom_nodes/was-node-suite-comfyui/was_suite_config.json` config file. Will attempt to use system ffmpeg binaries if available.[0m
[2024-06-27 21:08] [34mWAS Node Suite: [0mFinished.[0m [32mLoaded[0m [0m216[0m [32mnodes successfully.[0m
[2024-06-27 21:08] 
	[3m[93m"Art is not about making something perfect, it's about making something meaningful."[0m[3m - Unknown[0m
[2024-06-27 21:08] 
[2024-06-27 21:08] 
[2024-06-27 21:08] [92m[rgthree] Loaded 40 epic nodes.[0m
[2024-06-27 21:08] [92m[rgthree] Will use rgthree's optimized recursive execution.[0m
[2024-06-27 21:08] 
[2024-06-27 21:08] [95m[ComfyUI-0️⃣ 2️⃣ 4️⃣ 6️⃣ ] Loaded all nodes and apis.[0m
[2024-06-27 21:08] 
Import times for custom nodes:
[2024-06-27 21:08]    0.0 seconds: /root/Isaacs_ComfyUI_Distro/custom_nodes/websocket_image_save.py
[2024-06-27 21:08]    0.0 seconds: /root/Isaacs_ComfyUI_Distro/custom_nodes/TinkerBot-tech-for-ComfyUI-Touchpad
[2024-06-27 21:08]    0.0 seconds: /root/Isaacs_ComfyUI_Distro/custom_nodes/ComfyUI_IPAdapter_plus
[2024-06-27 21:08]    0.0 seconds: /root/Isaacs_ComfyUI_Distro/custom_nodes/ComfyUI-Logic
[2024-06-27 21:08]    0.0 seconds: /root/Isaacs_ComfyUI_Distro/custom_nodes/cg-use-everywhere
[2024-06-27 21:08]    0.0 seconds: /root/Isaacs_ComfyUI_Distro/custom_nodes/comfyui-fitsize
[2024-06-27 21:08]    0.0 seconds: /root/Isaacs_ComfyUI_Distro/custom_nodes/ComfyUI-Impact-Pack
[2024-06-27 21:08]    0.0 seconds: /root/Isaacs_ComfyUI_Distro/custom_nodes/comfy-nodes
[2024-06-27 21:08]    0.0 seconds: /root/Isaacs_ComfyUI_Distro/custom_nodes/comfyui_controlnet_aux
[2024-06-27 21:08]    0.0 seconds: /root/Isaacs_ComfyUI_Distro/custom_nodes/ComfyLiterals
[2024-06-27 21:08]    0.0 seconds: /root/Isaacs_ComfyUI_Distro/custom_nodes/ComfyUI_essentials
[2024-06-27 21:08]    0.0 seconds: /root/Isaacs_ComfyUI_Distro/custom_nodes/ComfyUI-Shinsplat
[2024-06-27 21:08]    0.0 seconds: /root/Isaacs_ComfyUI_Distro/custom_nodes/comfyui-various
[2024-06-27 21:08]    0.0 seconds: /root/Isaacs_ComfyUI_Distro/custom_nodes/ComfyUI_UltimateSDUpscale
[2024-06-27 21:08]    0.0 seconds: /root/Isaacs_ComfyUI_Distro/custom_nodes/ComfyUI-IC-Light
[2024-06-27 21:08]    0.0 seconds: /root/Isaacs_ComfyUI_Distro/custom_nodes/ComfyUI-KJNodes
[2024-06-27 21:08]    0.0 seconds: /root/Isaacs_ComfyUI_Distro/custom_nodes/rgthree-comfy
[2024-06-27 21:08]    0.0 seconds: /root/Isaacs_ComfyUI_Distro/custom_nodes/comfy-pants
[2024-06-27 21:08]    0.0 seconds: /root/Isaacs_ComfyUI_Distro/custom_nodes/ComfyUI-0246
[2024-06-27 21:08]    0.0 seconds: /root/Isaacs_ComfyUI_Distro/custom_nodes/ComfyUI-Manager
[2024-06-27 21:08]    0.3 seconds: /root/Isaacs_ComfyUI_Distro/custom_nodes/comfyui_segment_anything
[2024-06-27 21:08]    0.5 seconds: /root/Isaacs_ComfyUI_Distro/custom_nodes/comfyui-art-venture
[2024-06-27 21:08]    0.9 seconds: /root/Isaacs_ComfyUI_Distro/custom_nodes/ComfyUI-YOLO
[2024-06-27 21:08]    1.6 seconds: /root/Isaacs_ComfyUI_Distro/custom_nodes/ComfyUI-SUPIR
[2024-06-27 21:08]    1.8 seconds: /root/Isaacs_ComfyUI_Distro/custom_nodes/was-node-suite-comfyui
[2024-06-27 21:08] 
[2024-06-27 21:08] Starting server

[2024-06-27 21:08] To see the GUI go to: http://127.0.0.1:8188
[2024-06-27 21:08] FETCH DATA from: /root/Isaacs_ComfyUI_Distro/custom_nodes/ComfyUI-Manager/extension-node-map.json [DONE]
[2024-06-27 21:09] 
Stopped server
